2021-07-01 10:33:49,090 INFO org.springframework.boot.StartupInfoLogger [main] Starting Application on LAPTOP-N02FD7OP with PID 14764 (D:\programs\springboot\SpringBoot\target\classes started by dharm in D:\programs\springboot\SpringBoot)
2021-07-01 10:33:49,094 DEBUG org.springframework.boot.StartupInfoLogger [main] Running with Spring Boot v2.3.5.RELEASE, Spring v5.2.10.RELEASE
2021-07-01 10:33:49,095 INFO org.springframework.boot.SpringApplication [main] No active profile set, falling back to default profiles: default
2021-07-01 10:33:49,974 INFO org.springframework.boot.web.embedded.tomcat.TomcatWebServer [main] Tomcat initialized with port(s): 8001 (http)
2021-07-01 10:33:49,982 INFO org.apache.juli.logging.DirectJDKLog [main] Initializing ProtocolHandler ["http-nio-8001"]
2021-07-01 10:33:49,983 INFO org.apache.juli.logging.DirectJDKLog [main] Starting service [Tomcat]
2021-07-01 10:33:49,983 INFO org.apache.juli.logging.DirectJDKLog [main] Starting Servlet engine: [Apache Tomcat/9.0.39]
2021-07-01 10:33:50,047 INFO org.apache.juli.logging.DirectJDKLog [main] Initializing Spring embedded WebApplicationContext
2021-07-01 10:33:50,048 INFO org.springframework.boot.web.servlet.context.ServletWebServerApplicationContext [main] Root WebApplicationContext: initialization completed in 897 ms
2021-07-01 10:33:50,177 INFO org.springframework.scheduling.concurrent.ExecutorConfigurationSupport [main] Initializing ExecutorService
2021-07-01 10:33:50,179 INFO org.springframework.scheduling.concurrent.ExecutorConfigurationSupport [main] Initializing ExecutorService 'asynchExecutor'
2021-07-01 10:33:50,460 INFO org.springframework.scheduling.concurrent.ExecutorConfigurationSupport [main] Initializing ExecutorService 'taskScheduler'
2021-07-01 10:33:50,468 WARN org.springframework.boot.autoconfigure.thymeleaf.ThymeleafAutoConfiguration$DefaultTemplateResolverConfiguration [main] Cannot find template location: classpath:/templates/ (please add some templates or check your Thymeleaf configuration)
2021-07-01 10:33:50,482 INFO org.apache.juli.logging.DirectJDKLog [main] Starting ProtocolHandler ["http-nio-8001"]
2021-07-01 10:33:50,505 INFO org.springframework.boot.web.embedded.tomcat.TomcatWebServer [main] Tomcat started on port(s): 8001 (http) with context path ''
2021-07-01 10:33:50,518 INFO org.springframework.boot.StartupInfoLogger [main] Started Application in 1.835 seconds (JVM running for 2.774)
2021-07-01 10:34:01,728 INFO com.example.service.VaccineService [scheduling-1] Vaccine Alert ON:: 2021-07-01T10:34:00.052  Total V::0
2021-07-01 10:35:00,934 INFO com.example.service.VaccineService [scheduling-1] Vaccine Alert ON:: 2021-07-01T10:35:00.003  Total V::0
2021-07-01 10:36:00,909 INFO com.example.service.VaccineService [scheduling-1] Vaccine Alert ON:: 2021-07-01T10:36:00.010  Total V::0
2021-07-01 10:37:00,844 INFO com.example.service.VaccineService [scheduling-1] Vaccine Alert ON:: 2021-07-01T10:37:00.005  Total V::0
2021-07-01 10:38:00,963 INFO com.example.service.VaccineService [scheduling-1] Vaccine Alert ON:: 2021-07-01T10:38:00.006  Total V::0
2021-07-01 10:39:00,651 INFO com.example.service.VaccineService [scheduling-1] Vaccine Alert ON:: 2021-07-01T10:39:00.012  Total V::0
2021-07-01 10:40:00,862 INFO com.example.service.VaccineService [scheduling-1] Vaccine Alert ON:: 2021-07-01T10:40:00.009  Total V::0
2021-07-01 10:41:00,744 INFO com.example.service.VaccineService [scheduling-1] Vaccine Alert ON:: 2021-07-01T10:41:00.007  Total V::0
2021-07-01 10:42:02,820 INFO com.example.service.VaccineService [scheduling-1] Vaccine Alert ON:: 2021-07-01T10:42:00.016  Total V::0
2021-07-01 10:43:01,139 INFO com.example.service.VaccineService [scheduling-1] Vaccine Alert ON:: 2021-07-01T10:43:00.014  Total V::0
2021-07-01 10:44:00,785 INFO com.example.service.VaccineService [scheduling-1] Vaccine Alert ON:: 2021-07-01T10:44:00.004  Total V::0
2021-07-01 10:45:02,734 INFO com.example.service.VaccineService [scheduling-1] Vaccine Alert ON:: 2021-07-01T10:45:00.011  Total V::0
2021-07-01 10:46:01,020 INFO com.example.service.VaccineService [scheduling-1] Vaccine Alert ON:: 2021-07-01T10:46:00.006  Total V::0
2021-07-01 10:47:00,905 INFO com.example.service.VaccineService [scheduling-1] Vaccine Alert ON:: 2021-07-01T10:47:00.005  Total V::0
2021-07-01 10:48:01,619 INFO com.example.service.VaccineService [scheduling-1] Vaccine Alert ON:: 2021-07-01T10:48:00.008  Total V::0
2021-07-01 10:49:00,620 INFO com.example.service.VaccineService [scheduling-1] Vaccine Alert ON:: 2021-07-01T10:49:00.007  Total V::0
2021-07-01 10:50:01,240 INFO com.example.service.VaccineService [scheduling-1] Vaccine Alert ON:: 2021-07-01T10:50:00.013  Total V::0
2021-07-01 10:51:00,864 INFO com.example.service.VaccineService [scheduling-1] Vaccine Alert ON:: 2021-07-01T10:51:00.011  Total V::0
2021-07-01 10:52:01,036 INFO com.example.service.VaccineService [scheduling-1] Vaccine Alert ON:: 2021-07-01T10:52:00.004  Total V::0
2021-07-01 10:53:01,061 INFO com.example.service.VaccineService [scheduling-1] Vaccine Alert ON:: 2021-07-01T10:53:00.011  Total V::0
2021-07-01 10:54:00,959 INFO com.example.service.VaccineService [scheduling-1] Vaccine Alert ON:: 2021-07-01T10:54:00.002  Total V::0
2021-07-01 10:55:00,646 INFO com.example.service.VaccineService [scheduling-1] Vaccine Alert ON:: 2021-07-01T10:55:00.006  Total V::0
2021-07-01 10:56:00,969 INFO com.example.service.VaccineService [scheduling-1] Vaccine Alert ON:: 2021-07-01T10:56:00.007  Total V::0
2021-07-01 10:57:00,849 INFO com.example.service.VaccineService [scheduling-1] Vaccine Alert ON:: 2021-07-01T10:57:00.027  Total V::0
2021-07-01 10:58:01,582 INFO com.example.service.VaccineService [scheduling-1] Vaccine Alert ON:: 2021-07-01T10:58:00.046  Total V::0
2021-07-01 10:59:00,769 INFO com.example.service.VaccineService [scheduling-1] Vaccine Alert ON:: 2021-07-01T10:59:00.016  Total V::0
2021-07-01 11:00:02,403 INFO com.example.service.VaccineService [scheduling-1] Cneter infor:: Center [center_id=703692, min_age_limit=18, name=Cloud Nine Maternity Hospital, address=Siddhachal Arcade CTS Nos. 1084C And 1186A Link Road Malad (w), state_name=Maharashtra, district_name=Mumbai, available_capacity=1, available_capacity_dose1=1, fee=780, vaccine=COVISHIELD]
2021-07-01 11:00:02,403 INFO com.example.service.VaccineService [scheduling-1] Cneter infor:: Center [center_id=597978, min_age_limit=18, name=PRINCE ALI KHAN HOSPITAL 1, address=Aga Hall Nesbit Road Mazagon Mumbai, state_name=Maharashtra, district_name=Mumbai, available_capacity=139, available_capacity_dose1=139, fee=780, vaccine=COVISHIELD]
2021-07-01 11:00:02,408 INFO com.example.service.VaccineService [scheduling-1] Cneter infor:: Center [center_id=597566, min_age_limit=18, name=Bhatia Hospital Tardeo, address=TARDEO MUMBAI, state_name=Maharashtra, district_name=Mumbai, available_capacity=24, available_capacity_dose1=24, fee=780, vaccine=COVISHIELD]
2021-07-01 11:00:02,408 INFO com.example.service.VaccineService [scheduling-1] Cneter infor:: Center [center_id=631075, min_age_limit=18, name=BOMBAY HOSPITAL (Pvt) MUMBAI, address=12 Vitthaldas Thackersey Marg New Marine Lines Marine Lines Mumbai Maharashtra, state_name=Maharashtra, district_name=Mumbai, available_capacity=28, available_capacity_dose1=0, fee=1200, vaccine=COVAXIN]
2021-07-01 11:00:02,408 INFO com.example.service.VaccineService [scheduling-1] Cneter infor:: Center [center_id=651800, min_age_limit=18, name=K. G. MITTAL HOS. Charni Road, address=NETAJI SUBHASH ROAD CHARNI ROAD MUMBAI, state_name=Maharashtra, district_name=Mumbai, available_capacity=73, available_capacity_dose1=73, fee=780, vaccine=COVISHIELD]
2021-07-01 11:00:02,408 INFO com.example.service.VaccineService [scheduling-1] Cneter infor:: Center [center_id=636886, min_age_limit=18, name=H N Reliance Hosp MUMBAI 1, address=Raja Rammohan Roy Road Prarthana Samaj Girgaon, state_name=Maharashtra, district_name=Mumbai, available_capacity=5, available_capacity_dose1=5, fee=700, vaccine=COVISHIELD]
2021-07-01 11:00:02,408 INFO com.example.service.VaccineService [scheduling-1] Cneter infor:: Center [center_id=624535, min_age_limit=18, name=HCG APEX HOSPITAL BORIVALI W, address=BORIVALI W, state_name=Maharashtra, district_name=Mumbai, available_capacity=1348, available_capacity_dose1=1348, fee=780, vaccine=COVISHIELD]
2021-07-01 11:00:02,409 INFO com.example.service.VaccineService [scheduling-1] Cneter infor:: Center [center_id=636886, min_age_limit=18, name=H N Reliance Hosp MUMBAI 1, address=Raja Rammohan Roy Road Prarthana Samaj Girgaon, state_name=Maharashtra, district_name=Mumbai, available_capacity=16, available_capacity_dose1=0, fee=1250, vaccine=COVAXIN]
2021-07-01 11:00:02,409 INFO com.example.service.VaccineService [scheduling-1] Cneter infor:: Center [center_id=612858, min_age_limit=18, name=SURANA HOSPITAL 1, address=Tank Road End Of Shankar Lane Near Orlem Church Orlem Lourdes Colony Malad West Mumbai Maharashtra 400064, state_name=Maharashtra, district_name=Mumbai, available_capacity=741, available_capacity_dose1=741, fee=780, vaccine=COVISHIELD]
2021-07-01 11:00:02,409 INFO com.example.service.VaccineService [scheduling-1] Cneter infor:: Center [center_id=726221, min_age_limit=18, name=Indian Red Cross Society- Mum, address=Adams Wylie Memorial Building 7th Floor.1877Dr Anand Rao Nair Marg Red Cross Street Mumbai Central (East) Mumbai., state_name=Maharashtra, district_name=Mumbai, available_capacity=177, available_capacity_dose1=177, fee=750, vaccine=COVISHIELD]
2021-07-01 11:00:02,409 INFO com.example.service.VaccineService [scheduling-1] Cneter infor:: Center [center_id=598811, min_age_limit=18, name=Global Hospital (Parel), address=35 Dr. Ernest Borges Road Opposite Shirodkar High School Parel Mumbai Maharashtra, state_name=Maharashtra, district_name=Mumbai, available_capacity=15, available_capacity_dose1=0, fee=1250, vaccine=COVAXIN]
2021-07-01 11:00:02,409 INFO com.example.service.VaccineService [scheduling-1] Cneter infor:: Center [center_id=748931, min_age_limit=18, name=GALAXY MULTISPECIALITYHOSPITAL, address=Galaxy Multispeciality Hospital B Wing  Anand HeightAntop Hillwadala, state_name=Maharashtra, district_name=Mumbai, available_capacity=50, available_capacity_dose1=34, fee=1410, vaccine=COVAXIN]
2021-07-01 11:00:02,409 INFO com.example.service.VaccineService [scheduling-1] Cneter infor:: Center [center_id=594154, min_age_limit=18, name=Jaslok Hosp- Villa Theresa Sch, address=Vaccination Centre At Villa Theresa School 66 Dr. G. Deshmukh Marg Peddar Road Mumbai, state_name=Maharashtra, district_name=Mumbai, available_capacity=64, available_capacity_dose1=33, fee=1300, vaccine=COVAXIN]
2021-07-01 11:00:02,409 INFO com.example.service.VaccineService [scheduling-1] Cneter infor:: Center [center_id=594154, min_age_limit=18, name=Jaslok Hosp- Villa Theresa Sch, address=Vaccination Centre At Villa Theresa School 66 Dr. G. Deshmukh Marg Peddar Road Mumbai, state_name=Maharashtra, district_name=Mumbai, available_capacity=41, available_capacity_dose1=41, fee=780, vaccine=COVISHIELD]
2021-07-01 11:00:02,409 INFO com.example.service.VaccineService [scheduling-1] Cneter infor:: Center [center_id=631170, min_age_limit=18, name=Balajee Hospital Malad Mumbai, address=Shah Arcade - 3 Rani Sati Rd Near Passport Office Malad East Mumbai, state_name=Maharashtra, district_name=Mumbai, available_capacity=77, available_capacity_dose1=0, fee=780, vaccine=COVISHIELD]
2021-07-01 11:00:02,409 INFO com.example.service.VaccineService [scheduling-1] Cneter infor:: Center [center_id=695242, min_age_limit=18, name=Apollo Spectra Hospital Deonar, address=Ujagar Compound Opp. Deonar Bus Depot Main Gate Deonar Chembur Mumbai, state_name=Maharashtra, district_name=Mumbai, available_capacity=18, available_capacity_dose1=18, fee=780, vaccine=COVISHIELD]
2021-07-01 11:00:02,409 INFO com.example.service.VaccineService [scheduling-1] Cneter infor:: Center [center_id=607153, min_age_limit=18, name=LIFELINE MEDICARE HOSPITAL, address=LIFELINE MULTISPECIALITY HOSPITAL GOREGOAN WEST, state_name=Maharashtra, district_name=Mumbai, available_capacity=66, available_capacity_dose1=66, fee=780, vaccine=COVISHIELD]
2021-07-01 11:00:02,409 INFO com.example.service.VaccineService [scheduling-1] Cneter infor:: Center [center_id=603706, min_age_limit=18, name=SRCC Childrens Hospital, address=1-1 A Haji Ali Park K. Khadye Marg 400034 Mahalakshmi, state_name=Maharashtra, district_name=Mumbai, available_capacity=138, available_capacity_dose1=138, fee=670, vaccine=COVISHIELD]
2021-07-01 11:00:02,409 INFO com.example.service.VaccineService [scheduling-1] Cneter infor:: Center [center_id=639083, min_age_limit=18, name=CONWEST JAIN HOSPITAL, address=S V Somani Path Nikadwari Ln Kandawadi Girgaon Mumbai, state_name=Maharashtra, district_name=Mumbai, available_capacity=249, available_capacity_dose1=249, fee=780, vaccine=COVISHIELD]
2021-07-01 11:00:02,409 INFO com.example.service.VaccineService [scheduling-1] Cneter infor:: Center [center_id=723106, min_age_limit=18, name=Apollo Spectra Hospital Tardeo, address=156 Famous Cine Labs Tardeo  Mumbai, state_name=Maharashtra, district_name=Mumbai, available_capacity=54, available_capacity_dose1=54, fee=780, vaccine=COVISHIELD]
2021-07-01 11:00:02,409 INFO com.example.service.VaccineService [scheduling-1] Cneter infor:: Center [center_id=611304, min_age_limit=18, name=MASINA HOSPITAL Byculla, address=Masina Hospital Sant Savata Mali Marg Near Gloria Church Mumbai, state_name=Maharashtra, district_name=Mumbai, available_capacity=166, available_capacity_dose1=166, fee=780, vaccine=COVISHIELD]
2021-07-01 11:00:02,409 INFO com.example.service.VaccineService [scheduling-1] Cneter infor:: Center [center_id=722689, min_age_limit=18, name=Golden Jublee Block Tata Hosp, address=Dr. E Borges Road Parel Mumbai, state_name=Maharashtra, district_name=Mumbai, available_capacity=136, available_capacity_dose1=136, fee=780, vaccine=COVISHIELD]
2021-07-01 11:00:02,409 INFO com.example.service.VaccineService [scheduling-1] Cneter infor:: Center [center_id=661990, min_age_limit=18, name=SURYA HOSPITAL SANTACRUZ WEST, address=101-102 Mangal Ashirwad S.V. Road Santacruz West, state_name=Maharashtra, district_name=Mumbai, available_capacity=576, available_capacity_dose1=576, fee=780, vaccine=COVISHIELD]
2021-07-01 11:00:02,409 INFO com.example.service.VaccineService [scheduling-1] Cneter infor:: Center [center_id=765733, min_age_limit=18, name=MCORP (Yes 2 Healthy Life), address=Shop No 1 AND 2 Sukhsagar Building Ground Floor S V P Rd Chowpatty Mum, state_name=Maharashtra, district_name=Mumbai, available_capacity=91, available_capacity_dose1=91, fee=780, vaccine=COVISHIELD]
2021-07-01 11:00:02,409 INFO com.example.service.VaccineService [scheduling-1] Cneter infor:: Center [center_id=628877, min_age_limit=18, name=Sanjeevni Hospital Malad, address=BHAVANI CHAMBER  KEDARMAL ROAD OFF RATI SATI MARG, state_name=Maharashtra, district_name=Mumbai, available_capacity=514, available_capacity_dose1=0, fee=780, vaccine=COVISHIELD]
2021-07-01 11:00:02,409 INFO com.example.service.VaccineService [scheduling-1] Cneter infor:: Center [center_id=595085, min_age_limit=18, name=SAIFEE HOSPITAL, address=15-17 Maharshi Karve Road, state_name=Maharashtra, district_name=Mumbai, available_capacity=11, available_capacity_dose1=11, fee=1410, vaccine=COVAXIN]
2021-07-01 11:00:02,409 INFO com.example.service.VaccineService [scheduling-1] Cneter infor:: Center [center_id=595085, min_age_limit=18, name=SAIFEE HOSPITAL, address=15-17 Maharshi Karve Road, state_name=Maharashtra, district_name=Mumbai, available_capacity=249, available_capacity_dose1=249, fee=780, vaccine=COVISHIELD]
2021-07-01 11:00:02,409 INFO com.example.service.VaccineService [scheduling-1] Cneter infor:: Center [center_id=613086, min_age_limit=18, name=Sushrut Hospital 1, address=Swastik Park Chembur East, state_name=Maharashtra, district_name=Mumbai, available_capacity=17, available_capacity_dose1=0, fee=1410, vaccine=COVAXIN]
2021-07-01 11:00:02,409 INFO com.example.service.VaccineService [scheduling-1] Cneter infor:: Center [center_id=597642, min_age_limit=18, name=Wockhardt Hospital Mum-Central, address=Wockhardt Hospitals Ltd Dr Anand Rao Nair Road South Mumbai, state_name=Maharashtra, district_name=Mumbai, available_capacity=255, available_capacity_dose1=255, fee=780, vaccine=COVISHIELD]
2021-07-01 11:00:02,409 INFO com.example.service.VaccineService [scheduling-1] Cneter infor:: Center [center_id=703792, min_age_limit=18, name=P/S SRV HOSPITAL, address=197 Kamal Charan Building 180 Rd Number 2 Jawahar Nagar Goregaon West Mumbai Maharashtra, state_name=Maharashtra, district_name=Mumbai, available_capacity=10, available_capacity_dose1=10, fee=780, vaccine=COVISHIELD]
2021-07-01 11:00:02,409 INFO com.example.service.VaccineService [scheduling-1] Cneter infor:: Center [center_id=660263, min_age_limit=18, name=HCG ICS Cancer Hospital, address=31 QUEENS BARRACKS MAHARSHI KARVE RD OPP. COOPERAGE FOOTBALL GROUND COLABA MUMBAI MAHARASHTRA, state_name=Maharashtra, district_name=Mumbai, available_capacity=971, available_capacity_dose1=971, fee=780, vaccine=COVISHIELD]
2021-07-01 11:00:02,409 INFO com.example.service.VaccineService [scheduling-1] Cneter infor:: Center [center_id=703776, min_age_limit=18, name=Vivanta Hospital Malad West, address=JP Residency Chincholi Bunder Malad West Mumbai, state_name=Maharashtra, district_name=Mumbai, available_capacity=41, available_capacity_dose1=41, fee=780, vaccine=COVISHIELD]
2021-07-01 11:00:02,409 INFO com.example.service.VaccineService [scheduling-1] Cneter infor:: Center [center_id=666008, min_age_limit=18, name=SRV Hospital - Chembur, address=Dr. Mandakini Parihar MargTilak Nagar Chembur, state_name=Maharashtra, district_name=Mumbai, available_capacity=14, available_capacity_dose1=14, fee=780, vaccine=COVISHIELD]
2021-07-01 11:00:02,409 INFO com.example.service.VaccineService [scheduling-1] Cneter infor:: Center [center_id=618819, min_age_limit=18, name=DALVI NURSING HOME CHUNABHATTI, address=04 Shop Aditya Heritage Apt. Commercial Space 101 102 103 1B VN Purav Marg Chunabhatti Mumbai Maharashtra 400022, state_name=Maharashtra, district_name=Mumbai, available_capacity=3, available_capacity_dose1=3, fee=780, vaccine=COVISHIELD]
2021-07-01 11:00:02,409 INFO com.example.service.VaccineService [scheduling-1] Cneter infor:: Center [center_id=649331, min_age_limit=18, name=Godrej Memorial Hospital Mum, address=Pirojsha Nagar Vikhroli East, state_name=Maharashtra, district_name=Mumbai, available_capacity=25, available_capacity_dose1=25, fee=780, vaccine=COVISHIELD]
2021-07-01 11:00:02,409 INFO com.example.service.VaccineService [scheduling-1] Cneter infor:: Center [center_id=597031, min_age_limit=18, name=KOKILABEN HOSPITAL 1, address=Four Bungalow Andheri West, state_name=Maharashtra, district_name=Mumbai, available_capacity=1, available_capacity_dose1=1, fee=1200, vaccine=COVAXIN]
2021-07-01 11:00:02,409 INFO com.example.service.VaccineService [scheduling-1] Cneter infor:: Center [center_id=631075, min_age_limit=18, name=BOMBAY HOSPITAL (Pvt) MUMBAI, address=12 Vitthaldas Thackersey Marg New Marine Lines Marine Lines Mumbai Maharashtra, state_name=Maharashtra, district_name=Mumbai, available_capacity=290, available_capacity_dose1=290, fee=780, vaccine=COVISHIELD]
2021-07-01 11:00:02,409 INFO com.example.service.VaccineService [scheduling-1] Cneter infor:: Center [center_id=772099, min_age_limit=18, name=Surana Sethiya Green Acres, address=The Green Acres Academy Chembur 411 2 A Hemu Kalani Marg Behind Acres Club Sindh Society Chembure, state_name=Maharashtra, district_name=Mumbai, available_capacity=661, available_capacity_dose1=661, fee=780, vaccine=COVISHIELD]
2021-07-01 11:00:02,409 INFO com.example.service.VaccineService [scheduling-1] Vaccine Alert ON:: 2021-07-01T11:00:00.010  Total V::38
2021-07-01 11:00:13,186 INFO com.example.service.VaccineService [scheduling-1] Vaccine details mail sent.
2021-07-01 11:00:14,090 INFO com.example.service.VaccineService [scheduling-1] Vaccine Alert ON:: 2021-07-01T11:00:13.188  Total V::0
2021-07-01 11:01:00,875 INFO com.example.service.VaccineService [scheduling-1] Vaccine Alert ON:: 2021-07-01T11:01:00.009  Total V::0
2021-07-01 11:02:00,992 INFO com.example.service.VaccineService [scheduling-1] Vaccine Alert ON:: 2021-07-01T11:02:00.017  Total V::0
2021-07-01 11:03:00,990 INFO com.example.service.VaccineService [scheduling-1] Vaccine Alert ON:: 2021-07-01T11:03:00.019  Total V::0
2021-07-01 11:04:01,003 INFO com.example.service.VaccineService [scheduling-1] Vaccine Alert ON:: 2021-07-01T11:04:00.015  Total V::0
2021-07-01 11:05:01,116 INFO com.example.service.VaccineService [scheduling-1] Vaccine Alert ON:: 2021-07-01T11:05:00.006  Total V::0
2021-07-01 11:06:03,308 INFO com.example.service.VaccineService [scheduling-1] Vaccine Alert ON:: 2021-07-01T11:06:00.008  Total V::0
2021-07-01 11:07:00,706 INFO com.example.service.VaccineService [scheduling-1] Vaccine Alert ON:: 2021-07-01T11:07:00.005  Total V::0
2021-07-01 11:08:00,827 INFO com.example.service.VaccineService [scheduling-1] Vaccine Alert ON:: 2021-07-01T11:08:00.032  Total V::0
2021-07-01 11:09:01,243 INFO com.example.service.VaccineService [scheduling-1] Vaccine Alert ON:: 2021-07-01T11:09:00.021  Total V::0
2021-07-01 11:10:01,140 INFO com.example.service.VaccineService [scheduling-1] Vaccine Alert ON:: 2021-07-01T11:10:00.023  Total V::0
2021-07-01 11:11:01,049 INFO com.example.service.VaccineService [scheduling-1] Vaccine Alert ON:: 2021-07-01T11:11:00.014  Total V::0
2021-07-01 11:12:00,967 INFO com.example.service.VaccineService [scheduling-1] Vaccine Alert ON:: 2021-07-01T11:12:00.022  Total V::0
2021-07-01 11:13:00,647 INFO com.example.service.VaccineService [scheduling-1] Vaccine Alert ON:: 2021-07-01T11:13:00.019  Total V::0
2021-07-01 11:14:03,368 INFO com.example.service.VaccineService [scheduling-1] Vaccine Alert ON:: 2021-07-01T11:14:00.019  Total V::0
2021-07-01 11:15:00,962 INFO com.example.service.VaccineService [scheduling-1] Vaccine Alert ON:: 2021-07-01T11:15:00.024  Total V::0
2021-07-01 11:16:01,171 INFO com.example.service.VaccineService [scheduling-1] Vaccine Alert ON:: 2021-07-01T11:16:00.013  Total V::0
2021-07-01 11:17:00,576 INFO com.example.service.VaccineService [scheduling-1] Vaccine Alert ON:: 2021-07-01T11:17:00.025  Total V::0
2021-07-01 11:18:00,780 INFO com.example.service.VaccineService [scheduling-1] Vaccine Alert ON:: 2021-07-01T11:18:00.013  Total V::0
2021-07-01 11:19:00,586 INFO com.example.service.VaccineService [scheduling-1] Vaccine Alert ON:: 2021-07-01T11:19:00.026  Total V::0
2021-07-01 11:20:01,517 INFO com.example.service.VaccineService [scheduling-1] Vaccine Alert ON:: 2021-07-01T11:20:00.025  Total V::0
2021-07-01 11:21:01,211 INFO com.example.service.VaccineService [scheduling-1] Vaccine Alert ON:: 2021-07-01T11:21:00.012  Total V::0
2021-07-01 11:22:01,349 INFO com.example.service.VaccineService [scheduling-1] Vaccine Alert ON:: 2021-07-01T11:22:00.011  Total V::0
2021-07-01 11:23:01,028 INFO com.example.service.VaccineService [scheduling-1] Vaccine Alert ON:: 2021-07-01T11:23:00.005  Total V::0
2021-07-01 11:24:02,981 INFO com.example.service.VaccineService [scheduling-1] Vaccine Alert ON:: 2021-07-01T11:24:00.007  Total V::0
2021-07-01 11:25:00,943 INFO com.example.service.VaccineService [scheduling-1] Vaccine Alert ON:: 2021-07-01T11:25:00.020  Total V::0
2021-07-01 11:26:01,376 INFO com.example.service.VaccineService [scheduling-1] Vaccine Alert ON:: 2021-07-01T11:26:00.030  Total V::0
2021-07-01 11:27:00,834 INFO com.example.service.VaccineService [scheduling-1] Vaccine Alert ON:: 2021-07-01T11:27:00.010  Total V::0
2021-07-01 11:27:05,105 INFO org.springframework.boot.admin.SpringApplicationAdminMXBeanRegistrar$SpringApplicationAdmin [RMI TCP Connection(116)-127.0.0.1] Application shutdown requested.
2021-07-01 11:27:05,333 INFO org.springframework.scheduling.concurrent.ExecutorConfigurationSupport [RMI TCP Connection(116)-127.0.0.1] Shutting down ExecutorService 'taskScheduler'
2021-07-01 11:27:05,333 INFO org.springframework.scheduling.concurrent.ExecutorConfigurationSupport [RMI TCP Connection(116)-127.0.0.1] Shutting down ExecutorService 'asynchExecutor'
